<?xml version="1.0" encoding="UTF-8"?>
<testsuite xmlns:xsi="http://www.w3.org/2001/XMLSchema-instance" xsi:noNamespaceSchemaLocation="https://maven.apache.org/surefire/maven-surefire-plugin/xsd/surefire-test-report.xsd" name="com.clement.AppTest" time="0.116" tests="1" errors="0" skipped="0" failures="0">
  <properties>
    <property name="sun.desktop" value="windows"/>
    <property name="awt.toolkit" value="sun.awt.windows.WToolkit"/>
    <property name="file.encoding.pkg" value="sun.io"/>
    <property name="java.specification.version" value="1.8"/>
    <property name="sun.cpu.isalist" value="amd64"/>
    <property name="sun.jnu.encoding" value="GBK"/>
    <property name="java.class.path" value="D:\Clement\clement-common\target\test-classes;D:\Clement\clement-common\target\classes;D:\maven\bos_repository\junit\junit\4.12\junit-4.12.jar;D:\maven\bos_repository\org\hamcrest\hamcrest-core\1.3\hamcrest-core-1.3.jar;D:\maven\bos_repository\tk\mybatis\mapper\4.0.0\mapper-4.0.0.jar;D:\maven\bos_repository\javax\persistence\persistence-api\1.0\persistence-api-1.0.jar;D:\maven\bos_repository\org\springframework\spring-webmvc\4.3.10.RELEASE\spring-webmvc-4.3.10.RELEASE.jar;D:\maven\bos_repository\org\springframework\spring-aop\4.3.10.RELEASE\spring-aop-4.3.10.RELEASE.jar;D:\maven\bos_repository\org\springframework\spring-beans\4.3.10.RELEASE\spring-beans-4.3.10.RELEASE.jar;D:\maven\bos_repository\org\springframework\spring-context\4.3.10.RELEASE\spring-context-4.3.10.RELEASE.jar;D:\maven\bos_repository\org\springframework\spring-core\4.3.10.RELEASE\spring-core-4.3.10.RELEASE.jar;D:\maven\bos_repository\commons-logging\commons-logging\1.2\commons-logging-1.2.jar;D:\maven\bos_repository\org\springframework\spring-expression\4.3.10.RELEASE\spring-expression-4.3.10.RELEASE.jar;D:\maven\bos_repository\org\springframework\spring-web\4.3.10.RELEASE\spring-web-4.3.10.RELEASE.jar;D:\maven\bos_repository\org\projectlombok\lombok\1.14.8\lombok-1.14.8.jar;"/>
    <property name="java.vm.vendor" value="Oracle Corporation"/>
    <property name="sun.arch.data.model" value="64"/>
    <property name="user.variant" value=""/>
    <property name="java.vendor.url" value="http://java.oracle.com/"/>
    <property name="user.timezone" value="Asia/Shanghai"/>
    <property name="java.vm.specification.version" value="1.8"/>
    <property name="os.name" value="Windows 10"/>
    <property name="user.country" value="CN"/>
    <property name="sun.java.launcher" value="SUN_STANDARD"/>
    <property name="sun.boot.library.path" value="D:\xkx\jdk\jre\bin"/>
    <property name="sun.java.command" value="C:\Users\TANGTUAN\AppData\Local\Temp\surefire8838009799824207545\surefirebooter8087360405866004529.jar C:\Users\TANGTUAN\AppData\Local\Temp\surefire8838009799824207545 2019-07-02T00-15-23_424-jvmRun1 surefire7452338439127963217tmp surefire_04303789510715164683tmp"/>
    <property name="surefire.test.class.path" value="D:\Clement\clement-common\target\test-classes;D:\Clement\clement-common\target\classes;D:\maven\bos_repository\junit\junit\4.12\junit-4.12.jar;D:\maven\bos_repository\org\hamcrest\hamcrest-core\1.3\hamcrest-core-1.3.jar;D:\maven\bos_repository\tk\mybatis\mapper\4.0.0\mapper-4.0.0.jar;D:\maven\bos_repository\javax\persistence\persistence-api\1.0\persistence-api-1.0.jar;D:\maven\bos_repository\org\springframework\spring-webmvc\4.3.10.RELEASE\spring-webmvc-4.3.10.RELEASE.jar;D:\maven\bos_repository\org\springframework\spring-aop\4.3.10.RELEASE\spring-aop-4.3.10.RELEASE.jar;D:\maven\bos_repository\org\springframework\spring-beans\4.3.10.RELEASE\spring-beans-4.3.10.RELEASE.jar;D:\maven\bos_repository\org\springframework\spring-context\4.3.10.RELEASE\spring-context-4.3.10.RELEASE.jar;D:\maven\bos_repository\org\springframework\spring-core\4.3.10.RELEASE\spring-core-4.3.10.RELEASE.jar;D:\maven\bos_repository\commons-logging\commons-logging\1.2\commons-logging-1.2.jar;D:\maven\bos_repository\org\springframework\spring-expression\4.3.10.RELEASE\spring-expression-4.3.10.RELEASE.jar;D:\maven\bos_repository\org\springframework\spring-web\4.3.10.RELEASE\spring-web-4.3.10.RELEASE.jar;D:\maven\bos_repository\org\projectlombok\lombok\1.14.8\lombok-1.14.8.jar;"/>
    <property name="sun.cpu.endian" value="little"/>
    <property name="user.home" value="C:\Users\TANGTUAN"/>
    <property name="user.language" value="zh"/>
    <property name="java.specification.vendor" value="Oracle Corporation"/>
    <property name="java.home" value="D:\xkx\jdk\jre"/>
    <property name="basedir" value="D:\Clement\clement-common"/>
    <property name="file.separator" value="\"/>
    <property name="line.separator" value="&#10;"/>
    <property name="java.vm.specification.vendor" value="Oracle Corporation"/>
    <property name="java.specification.name" value="Java Platform API Specification"/>
    <property name="java.awt.graphicsenv" value="sun.awt.Win32GraphicsEnvironment"/>
    <property name="surefire.real.class.path" value="C:\Users\TANGTUAN\AppData\Local\Temp\surefire8838009799824207545\surefirebooter8087360405866004529.jar"/>
    <property name="sun.boot.class.path" value="D:\xkx\jdk\jre\lib\resources.jar;D:\xkx\jdk\jre\lib\rt.jar;D:\xkx\jdk\jre\lib\sunrsasign.jar;D:\xkx\jdk\jre\lib\jsse.jar;D:\xkx\jdk\jre\lib\jce.jar;D:\xkx\jdk\jre\lib\charsets.jar;D:\xkx\jdk\jre\lib\jfr.jar;D:\xkx\jdk\jre\classes"/>
    <property name="user.script" value=""/>
    <property name="sun.management.compiler" value="HotSpot 64-Bit Tiered Compilers"/>
    <property name="java.runtime.version" value="1.8.0_191-b12"/>
    <property name="user.name" value="TANGTUAN"/>
    <property name="path.separator" value=";"/>
    <property name="os.version" value="10.0"/>
    <property name="java.endorsed.dirs" value="D:\xkx\jdk\jre\lib\endorsed"/>
    <property name="java.runtime.name" value="Java(TM) SE Runtime Environment"/>
    <property name="file.encoding" value="GBK"/>
    <property name="java.vm.name" value="Java HotSpot(TM) 64-Bit Server VM"/>
    <property name="localRepository" value="D:\maven\bos_repository"/>
    <property name="java.vendor.url.bug" value="http://bugreport.sun.com/bugreport/"/>
    <property name="java.io.tmpdir" value="C:\Users\TANGTUAN\AppData\Local\Temp\"/>
    <property name="idea.version" value="2018.3.4"/>
    <property name="java.version" value="1.8.0_191"/>
    <property name="user.dir" value="D:\Clement\clement-common"/>
    <property name="os.arch" value="amd64"/>
    <property name="java.vm.specification.name" value="Java Virtual Machine Specification"/>
    <property name="java.awt.printerjob" value="sun.awt.windows.WPrinterJob"/>
    <property name="sun.os.patch.level" value=""/>
    <property name="java.library.path" value="D:\xkx\jdk\jre\bin;C:\Windows\Sun\Java\bin;C:\Windows\system32;C:\Windows;C:\Program Files (x86)\Common Files\Oracle\Java\javapath;C:\Program Files (x86)\Intel\iCLS Client\;C:\Program Files\Intel\iCLS Client\;C:\Windows\system32;C:\Windows;C:\Windows\System32\Wbem;C:\Windows\System32\WindowsPowerShell\v1.0\;C:\Program Files (x86)\Intel\Intel(R) Management Engine Components\DAL;C:\Program Files\Intel\Intel(R) Management Engine Components\DAL;C:\Program Files (x86)\Intel\Intel(R) Management Engine Components\IPT;C:\Program Files\Intel\Intel(R) Management Engine Components\IPT;C:\Program Files (x86)\ATI Technologies\ATI.ACE\Core-Static;C:\Windows\System32\OpenSSH\;D:\新建文件夹 (3)\130\Tools\Binn\;D:\新;文件夹 (2)\130\Tools\Binn\;D:;新建文件夹 (2)\130\DTS\Binn\;D:\新;文件夹 (2)\Client SDK\ODBC\130\Tools\Binn\;%Q;ARTUS_ROOTDIR%\bin;D:\xkx\jdk\bin;D:\maven\apache-maven-3.5.2\bin;D:\crt\;D:\SVN\bin;D:\tortoiseSVN\bin;D:\Git\cmd;D:\node\;C:\Users\TANGTUAN\AppData\Local\Microsoft\WindowsApps;C:\Users\TANGTUAN\AppData\Roaming\npm;."/>
    <property name="java.vm.info" value="mixed mode"/>
    <property name="java.vendor" value="Oracle Corporation"/>
    <property name="java.vm.version" value="25.191-b12"/>
    <property name="java.ext.dirs" value="D:\xkx\jdk\jre\lib\ext;C:\Windows\Sun\Java\lib\ext"/>
    <property name="sun.io.unicode.encoding" value="UnicodeLittle"/>
    <property name="maven.repo.local" value="D:\maven\bos_repository"/>
    <property name="java.class.version" value="52.0"/>
  </properties>
  <testcase name="shouldAnswerWithTrue" classname="com.clement.AppTest" time="0.007"/>
</testsuite>